0 verbose cli /home/ubuntu/.nvm/versions/node/v22.13.0/bin/node /home/ubuntu/.nvm/versions/node/v22.13.0/bin/npm
1 info using npm@10.9.2
2 info using node@v22.13.0
3 silly config load:file:/home/ubuntu/.nvm/versions/node/v22.13.0/lib/node_modules/npm/npmrc
4 silly config load:file:/home/ubuntu/rockdeals_frontend/.npmrc
5 silly config load:file:/home/ubuntu/.npmrc
6 silly config load:file:/home/ubuntu/.nvm/versions/node/v22.13.0/etc/npmrc
7 verbose title npm install lucide-react
8 verbose argv "install" "lucide-react"
9 verbose logfile logs-max:10 dir:/home/ubuntu/.npm/_logs/2025-06-19T01_20_35_076Z-
10 verbose logfile /home/ubuntu/.npm/_logs/2025-06-19T01_20_35_076Z-debug-0.log
11 silly logfile done cleaning log files
12 silly packumentCache heap:2117074944 maxSize:529268736 maxEntrySize:264634368
13 silly idealTree buildDeps
14 silly fetch manifest lucide-react@^0.510.0
15 silly packumentCache full:https://registry.npmjs.org/lucide-react cache-miss
16 http fetch GET 200 https://registry.npmjs.org/lucide-react 129ms (cache miss)
17 silly packumentCache full:https://registry.npmjs.org/lucide-react set size:undefined disposed:false
18 silly fetch manifest react@^19.1.0
19 silly packumentCache full:https://registry.npmjs.org/react cache-miss
20 http fetch GET 200 https://registry.npmjs.org/react 111ms (cache miss)
21 silly packumentCache full:https://registry.npmjs.org/react set size:undefined disposed:false
22 silly placeDep ROOT lucide-react@0.510.0 REPLACE for: rockdeals_frontend@0.0.0 want: ^0.510.0
23 silly fetch manifest esm@3.2.25
24 silly packumentCache full:https://registry.npmjs.org/esm cache-miss
25 http fetch GET 200 https://registry.npmjs.org/esm 32ms (cache miss)
26 silly packumentCache full:https://registry.npmjs.org/esm set size:undefined disposed:false
27 silly fetch manifest terser@4.8.0
28 silly packumentCache full:https://registry.npmjs.org/terser cache-miss
29 http fetch GET 200 https://registry.npmjs.org/terser 52ms (cache miss)
30 silly packumentCache full:https://registry.npmjs.org/terser set size:undefined disposed:false
31 silly fetch manifest uvu@0.5.4
32 silly packumentCache full:https://registry.npmjs.org/uvu cache-miss
33 http fetch GET 200 https://registry.npmjs.org/uvu 25ms (cache miss)
34 silly packumentCache full:https://registry.npmjs.org/uvu set size:undefined disposed:false
35 silly placeDep ROOT esm@3.2.25 OK for: clsx@2.1.1 want: 3.2.25
36 silly placeDep ROOT terser@4.8.0 OK for: clsx@2.1.1 want: 4.8.0
37 silly placeDep ROOT uvu@0.5.4 OK for: clsx@2.1.1 want: 0.5.4
38 silly fetch manifest commander@^2.20.0
39 silly packumentCache full:https://registry.npmjs.org/commander cache-miss
40 silly fetch manifest source-map@~0.6.1
41 silly packumentCache full:https://registry.npmjs.org/source-map cache-miss
42 silly fetch manifest source-map-support@~0.5.12
43 silly packumentCache full:https://registry.npmjs.org/source-map-support cache-miss
44 http fetch GET 200 https://registry.npmjs.org/commander 33ms (cache miss)
45 silly packumentCache full:https://registry.npmjs.org/commander set size:undefined disposed:false
46 silly fetch manifest dequal@^2.0.0
47 silly packumentCache full:https://registry.npmjs.org/dequal cache-miss
48 http fetch GET 200 https://registry.npmjs.org/dequal 31ms (cache miss)
49 silly packumentCache full:https://registry.npmjs.org/dequal set size:undefined disposed:false
50 silly fetch manifest diff@^5.0.0
51 silly packumentCache full:https://registry.npmjs.org/diff cache-miss
52 http fetch GET 200 https://registry.npmjs.org/source-map 71ms (cache revalidated)
53 silly packumentCache full:https://registry.npmjs.org/source-map set size:243370 disposed:false
54 silly fetch manifest kleur@^4.0.3
55 silly packumentCache full:https://registry.npmjs.org/kleur cache-miss
56 http fetch GET 200 https://registry.npmjs.org/source-map-support 79ms (cache miss)
57 silly packumentCache full:https://registry.npmjs.org/source-map-support set size:undefined disposed:false
58 silly fetch manifest sade@^1.7.3
59 silly packumentCache full:https://registry.npmjs.org/sade cache-miss
60 http fetch GET 200 https://registry.npmjs.org/kleur 22ms (cache miss)
61 silly packumentCache full:https://registry.npmjs.org/kleur set size:undefined disposed:false
62 http fetch GET 200 https://registry.npmjs.org/diff 39ms (cache miss)
63 silly packumentCache full:https://registry.npmjs.org/diff set size:undefined disposed:false
64 http fetch GET 200 https://registry.npmjs.org/sade 32ms (cache miss)
65 silly packumentCache full:https://registry.npmjs.org/sade set size:undefined disposed:false
66 silly fetch manifest @arethetypeswrong/cli@^0.16.2
67 silly packumentCache full:https://registry.npmjs.org/@arethetypeswrong%2fcli cache-miss
68 http fetch GET 200 https://registry.npmjs.org/@arethetypeswrong%2fcli 44ms (cache miss)
69 silly packumentCache full:https://registry.npmjs.org/@arethetypeswrong%2fcli set size:undefined disposed:false
70 silly fetch manifest @babel/cli@^7.22.10
71 silly packumentCache full:https://registry.npmjs.org/@babel%2fcli cache-miss
72 http fetch GET 200 https://registry.npmjs.org/@babel%2fcli 44ms (cache miss)
73 silly packumentCache full:https://registry.npmjs.org/@babel%2fcli set size:undefined disposed:false
74 silly fetch manifest @babel/core@^7.22.10
75 silly packumentCache full:https://registry.npmjs.org/@babel%2fcore cache-miss
76 http fetch GET 200 https://registry.npmjs.org/@babel%2fcore 51ms (cache miss)
77 silly packumentCache full:https://registry.npmjs.org/@babel%2fcore set size:undefined disposed:false
78 silly fetch manifest @babel/preset-env@^7.22.10
79 silly packumentCache full:https://registry.npmjs.org/@babel%2fpreset-env cache-miss
80 http fetch GET 200 https://registry.npmjs.org/@babel%2fpreset-env 59ms (cache miss)
81 silly packumentCache full:https://registry.npmjs.org/@babel%2fpreset-env set size:undefined disposed:false
82 silly fetch manifest @babel/preset-typescript@^7.22.5
83 silly packumentCache full:https://registry.npmjs.org/@babel%2fpreset-typescript cache-miss
84 http fetch GET 200 https://registry.npmjs.org/@babel%2fpreset-typescript 40ms (cache miss)
85 silly packumentCache full:https://registry.npmjs.org/@babel%2fpreset-typescript set size:undefined disposed:false
86 silly fetch manifest @date-fns/docs@^0.38.0
87 silly packumentCache full:https://registry.npmjs.org/@date-fns%2fdocs cache-miss
88 http fetch GET 200 https://registry.npmjs.org/@date-fns%2fdocs 56ms (cache miss)
89 silly packumentCache full:https://registry.npmjs.org/@date-fns%2fdocs set size:undefined disposed:false
90 silly fetch manifest @date-fns/tz@^1.0.2
91 silly packumentCache full:https://registry.npmjs.org/@date-fns%2ftz cache-miss
92 http fetch GET 200 https://registry.npmjs.org/@date-fns%2ftz 46ms (cache miss)
93 silly packumentCache full:https://registry.npmjs.org/@date-fns%2ftz set size:undefined disposed:false
94 silly fetch manifest @date-fns/utc@^1.2.0
95 silly packumentCache full:https://registry.npmjs.org/@date-fns%2futc cache-miss
96 http fetch GET 200 https://registry.npmjs.org/@date-fns%2futc 79ms (cache miss)
97 silly packumentCache full:https://registry.npmjs.org/@date-fns%2futc set size:undefined disposed:false
98 silly fetch manifest @octokit/core@^3.2.5
99 silly packumentCache full:https://registry.npmjs.org/@octokit%2fcore cache-miss
100 http fetch GET 200 https://registry.npmjs.org/@octokit%2fcore 54ms (cache miss)
101 silly packumentCache full:https://registry.npmjs.org/@octokit%2fcore set size:undefined disposed:false
102 silly fetch manifest @size-limit/esbuild@^11.0.1
103 silly packumentCache full:https://registry.npmjs.org/@size-limit%2fesbuild cache-miss
104 http fetch GET 200 https://registry.npmjs.org/@size-limit%2fesbuild 49ms (cache miss)
105 silly packumentCache full:https://registry.npmjs.org/@size-limit%2fesbuild set size:undefined disposed:false
106 silly fetch manifest size-limit@^11.0.1
107 silly packumentCache full:https://registry.npmjs.org/size-limit cache-miss
108 http fetch GET 200 https://registry.npmjs.org/size-limit 45ms (cache miss)
109 silly packumentCache full:https://registry.npmjs.org/size-limit set size:undefined disposed:false
110 silly fetch manifest @size-limit/file@^11.0.1
111 silly packumentCache full:https://registry.npmjs.org/@size-limit%2ffile cache-miss
112 http fetch GET 200 https://registry.npmjs.org/@size-limit%2ffile 63ms (cache miss)
113 silly packumentCache full:https://registry.npmjs.org/@size-limit%2ffile set size:undefined disposed:false
114 silly fetch manifest @types/bun@^1.1.9
115 silly packumentCache full:https://registry.npmjs.org/@types%2fbun cache-miss
116 http fetch GET 200 https://registry.npmjs.org/@types%2fbun 42ms (cache miss)
117 silly packumentCache full:https://registry.npmjs.org/@types%2fbun set size:undefined disposed:false
118 silly fetch manifest @types/lodash@^4.14.202
119 silly packumentCache full:https://registry.npmjs.org/@types%2flodash cache-miss
120 http fetch GET 200 https://registry.npmjs.org/@types%2flodash 38ms (cache miss)
121 silly packumentCache full:https://registry.npmjs.org/@types%2flodash set size:undefined disposed:false
122 silly fetch manifest @types/node@^20.14.2
123 silly packumentCache full:https://registry.npmjs.org/@types%2fnode cache-miss
124 http fetch GET 200 https://registry.npmjs.org/@types%2fnode 343ms (cache miss)
125 silly packumentCache full:https://registry.npmjs.org/@types%2fnode set size:undefined disposed:false
126 silly fetch manifest @types/sinon@^9.0.6
127 silly packumentCache full:https://registry.npmjs.org/@types%2fsinon cache-miss
128 http fetch GET 200 https://registry.npmjs.org/@types%2fsinon 211ms (cache miss)
129 silly packumentCache full:https://registry.npmjs.org/@types%2fsinon set size:undefined disposed:false
130 silly fetch manifest @typescript-eslint/eslint-plugin@^8.5.0
131 silly packumentCache full:https://registry.npmjs.org/@typescript-eslint%2feslint-plugin cache-miss
132 http fetch GET 200 https://registry.npmjs.org/@typescript-eslint%2feslint-plugin 741ms (cache miss)
133 silly packumentCache full:https://registry.npmjs.org/@typescript-eslint%2feslint-plugin set size:undefined disposed:false
134 silly fetch manifest @typescript-eslint/parser@^8.5.0
135 silly packumentCache full:https://registry.npmjs.org/@typescript-eslint%2fparser cache-miss
136 http fetch GET 200 https://registry.npmjs.org/@typescript-eslint%2fparser 396ms (cache miss)
137 silly packumentCache full:https://registry.npmjs.org/@typescript-eslint%2fparser set size:undefined disposed:false
138 silly fetch manifest eslint@^9.10.0
139 silly packumentCache full:https://registry.npmjs.org/eslint cache-miss
140 http fetch GET 200 https://registry.npmjs.org/eslint 52ms (cache miss)
141 silly packumentCache full:https://registry.npmjs.org/eslint set size:undefined disposed:false
142 silly fetch manifest jiti@*
143 silly packumentCache full:https://registry.npmjs.org/jiti cache-miss
144 http fetch GET 200 https://registry.npmjs.org/jiti 30ms (cache miss)
145 silly packumentCache full:https://registry.npmjs.org/jiti set size:undefined disposed:false
146 silly fetch manifest typescript@^5.4.5
147 silly packumentCache full:https://registry.npmjs.org/typescript cache-miss
148 http fetch GET 200 https://registry.npmjs.org/typescript 226ms (cache miss)
149 silly packumentCache full:https://registry.npmjs.org/typescript set size:undefined disposed:false
150 silly fetch manifest @vitest/browser@^1.3.1
151 silly packumentCache full:https://registry.npmjs.org/@vitest%2fbrowser cache-miss
152 http fetch GET 200 https://registry.npmjs.org/@vitest%2fbrowser 51ms (cache miss)
153 silly packumentCache full:https://registry.npmjs.org/@vitest%2fbrowser set size:undefined disposed:false
154 silly fetch manifest playwright@^1.40.1
155 silly packumentCache full:https://registry.npmjs.org/playwright cache-miss
156 http fetch GET 200 https://registry.npmjs.org/playwright 214ms (cache miss)
157 silly packumentCache full:https://registry.npmjs.org/playwright set size:undefined disposed:false
158 silly fetch manifest vitest@^1.3.1
159 silly packumentCache full:https://registry.npmjs.org/vitest cache-miss
160 http fetch GET 200 https://registry.npmjs.org/vitest 85ms (cache miss)
161 silly packumentCache full:https://registry.npmjs.org/vitest set size:undefined disposed:false
162 silly fetch manifest @edge-runtime/vm@*
163 silly packumentCache full:https://registry.npmjs.org/@edge-runtime%2fvm cache-miss
164 http fetch GET 200 https://registry.npmjs.org/@edge-runtime%2fvm 40ms (cache miss)
165 silly packumentCache full:https://registry.npmjs.org/@edge-runtime%2fvm set size:undefined disposed:false
166 silly fetch manifest @vitest/ui@1.6.1
167 silly packumentCache full:https://registry.npmjs.org/@vitest%2fui cache-miss
168 http fetch GET 200 https://registry.npmjs.org/@vitest%2fui 396ms (cache miss)
169 silly packumentCache full:https://registry.npmjs.org/@vitest%2fui set size:undefined disposed:false
170 silly fetch manifest happy-dom@*
171 silly packumentCache full:https://registry.npmjs.org/happy-dom cache-miss
172 http fetch GET 200 https://registry.npmjs.org/happy-dom 53ms (cache miss)
173 silly packumentCache full:https://registry.npmjs.org/happy-dom set size:undefined disposed:false
174 silly fetch manifest jsdom@*
175 silly packumentCache full:https://registry.npmjs.org/jsdom cache-miss
176 http fetch GET 200 https://registry.npmjs.org/jsdom 30ms (cache miss)
177 silly packumentCache full:https://registry.npmjs.org/jsdom set size:undefined disposed:false
178 silly fetch manifest canvas@^3.0.0
179 silly packumentCache full:https://registry.npmjs.org/canvas cache-miss
180 http fetch GET 200 https://registry.npmjs.org/canvas 29ms (cache miss)
181 silly packumentCache full:https://registry.npmjs.org/canvas set size:undefined disposed:false
182 silly fetch manifest webdriverio@*
183 silly packumentCache full:https://registry.npmjs.org/webdriverio cache-miss
184 http fetch GET 200 https://registry.npmjs.org/webdriverio 81ms (cache miss)
185 silly packumentCache full:https://registry.npmjs.org/webdriverio set size:undefined disposed:false
186 silly fetch manifest puppeteer-core@>=22.x || <=24.x
187 silly packumentCache full:https://registry.npmjs.org/puppeteer-core cache-miss
188 http fetch GET 200 https://registry.npmjs.org/puppeteer-core 44ms (cache miss)
189 silly packumentCache full:https://registry.npmjs.org/puppeteer-core set size:undefined disposed:false
190 silly fetch manifest @vitest/coverage-v8@^1.3.1
191 silly packumentCache full:https://registry.npmjs.org/@vitest%2fcoverage-v8 cache-miss
192 http fetch GET 200 https://registry.npmjs.org/@vitest%2fcoverage-v8 41ms (cache miss)
193 silly packumentCache full:https://registry.npmjs.org/@vitest%2fcoverage-v8 set size:undefined disposed:false
194 silly fetch manifest babel-plugin-replace-import-extension@^1.1.4
195 silly packumentCache full:https://registry.npmjs.org/babel-plugin-replace-import-extension cache-miss
196 http fetch GET 200 https://registry.npmjs.org/babel-plugin-replace-import-extension 32ms (cache miss)
197 silly packumentCache full:https://registry.npmjs.org/babel-plugin-replace-import-extension set size:undefined disposed:false
198 silly fetch manifest bun@^1.1.27
199 silly packumentCache full:https://registry.npmjs.org/bun cache-miss
200 http fetch GET 200 https://registry.npmjs.org/bun 47ms (cache miss)
201 silly packumentCache full:https://registry.npmjs.org/bun set size:undefined disposed:false
202 silly fetch manifest cloc@^2.2.0
203 silly packumentCache full:https://registry.npmjs.org/cloc cache-miss
204 http fetch GET 200 https://registry.npmjs.org/cloc 128ms (cache miss)
205 silly packumentCache full:https://registry.npmjs.org/cloc set size:undefined disposed:false
206 silly fetch manifest coveralls@^3.1.1
207 silly packumentCache full:https://registry.npmjs.org/coveralls cache-miss
208 http fetch GET 200 https://registry.npmjs.org/coveralls 36ms (cache miss)
209 silly packumentCache full:https://registry.npmjs.org/coveralls set size:undefined disposed:false
210 silly fetch manifest firebase@^3.7.1
211 silly packumentCache full:https://registry.npmjs.org/firebase cache-miss
212 http fetch GET 200 https://registry.npmjs.org/firebase 363ms (cache miss)
213 silly packumentCache full:https://registry.npmjs.org/firebase set size:undefined disposed:false
214 silly fetch manifest fp-ts@^2.16.2
215 silly packumentCache full:https://registry.npmjs.org/fp-ts cache-miss
216 http fetch GET 200 https://registry.npmjs.org/fp-ts 30ms (cache miss)
217 silly packumentCache full:https://registry.npmjs.org/fp-ts set size:undefined disposed:false
218 silly fetch manifest js-fns@^2.5.1
219 silly packumentCache full:https://registry.npmjs.org/js-fns cache-miss
220 http fetch GET 200 https://registry.npmjs.org/js-fns 28ms (cache miss)
221 silly packumentCache full:https://registry.npmjs.org/js-fns set size:undefined disposed:false
222 silly fetch manifest jscodeshift@^0.15.2
223 silly packumentCache full:https://registry.npmjs.org/jscodeshift cache-miss
224 http fetch GET 200 https://registry.npmjs.org/jscodeshift 26ms (cache miss)
225 silly packumentCache full:https://registry.npmjs.org/jscodeshift set size:undefined disposed:false
226 silly fetch manifest prettier@^3.1.0
227 silly packumentCache full:https://registry.npmjs.org/prettier cache-miss
228 http fetch GET 200 https://registry.npmjs.org/prettier 23ms (cache miss)
229 silly packumentCache full:https://registry.npmjs.org/prettier set size:undefined disposed:false
230 silly fetch manifest simple-git@^2.35.2
231 silly packumentCache full:https://registry.npmjs.org/simple-git cache-miss
232 http fetch GET 200 https://registry.npmjs.org/simple-git 47ms (cache miss)
233 silly packumentCache full:https://registry.npmjs.org/simple-git set size:undefined disposed:false
234 silly fetch manifest sinon@^7.4.1
235 silly packumentCache full:https://registry.npmjs.org/sinon cache-miss
236 http fetch GET 200 https://registry.npmjs.org/sinon 40ms (cache miss)
237 silly packumentCache full:https://registry.npmjs.org/sinon set size:undefined disposed:false
238 silly fetch manifest tsx@^4.6.1
239 silly packumentCache full:https://registry.npmjs.org/tsx cache-miss
240 http fetch GET 200 https://registry.npmjs.org/tsx 66ms (cache miss)
241 silly packumentCache full:https://registry.npmjs.org/tsx set size:undefined disposed:false
242 silly fetch manifest typedoc@^0.26.7
243 silly packumentCache full:https://registry.npmjs.org/typedoc cache-miss
244 http fetch GET 200 https://registry.npmjs.org/typedoc 49ms (cache miss)
245 silly packumentCache full:https://registry.npmjs.org/typedoc set size:undefined disposed:false
246 silly fetch manifest typescript@4.6.x || 4.7.x || 4.8.x || 4.9.x || 5.0.x || 5.1.x || 5.2.x || 5.3.x || 5.4.x || 5.5.x || 5.6.x
247 silly packumentCache full:https://registry.npmjs.org/typescript cache-miss
248 http cache https://registry.npmjs.org/typescript 36ms (cache hit)
249 silly packumentCache full:https://registry.npmjs.org/typescript set size:14315124 disposed:false
250 silly fetch manifest typedoc-plugin-missing-exports@^3.0.0
251 silly packumentCache full:https://registry.npmjs.org/typedoc-plugin-missing-exports cache-miss
252 http fetch GET 200 https://registry.npmjs.org/typedoc-plugin-missing-exports 32ms (cache miss)
253 silly packumentCache full:https://registry.npmjs.org/typedoc-plugin-missing-exports set size:undefined disposed:false
254 silly placeDep ROOT @arethetypeswrong/cli@0.16.4 OK for: date-fns@4.1.0 want: ^0.16.2
255 silly placeDep ROOT @babel/cli@7.27.2 OK for: date-fns@4.1.0 want: ^7.22.10
256 silly placeDep ROOT @babel/core@7.27.4 OK for: @babel/cli@7.27.2 want: ^7.0.0-0
257 verbose stack TypeError: Cannot read properties of null (reading 'matches')
257 verbose stack     at Link.matches (/home/ubuntu/.nvm/versions/node/v22.13.0/lib/node_modules/npm/node_modules/@npmcli/arborist/lib/node.js:1117:41)
257 verbose stack     at Link.canDedupe (/home/ubuntu/.nvm/versions/node/v22.13.0/lib/node_modules/npm/node_modules/@npmcli/arborist/lib/node.js:1071:15)
257 verbose stack     at PlaceDep.pruneDedupable (/home/ubuntu/.nvm/versions/node/v22.13.0/lib/node_modules/npm/node_modules/@npmcli/arborist/lib/place-dep.js:426:14)
257 verbose stack     at new PlaceDep (/home/ubuntu/.nvm/versions/node/v22.13.0/lib/node_modules/npm/node_modules/@npmcli/arborist/lib/place-dep.js:278:14)
257 verbose stack     at new PlaceDep (/home/ubuntu/.nvm/versions/node/v22.13.0/lib/node_modules/npm/node_modules/@npmcli/arborist/lib/place-dep.js:314:26)
257 verbose stack     at #buildDepStep (/home/ubuntu/.nvm/versions/node/v22.13.0/lib/node_modules/npm/node_modules/@npmcli/arborist/lib/arborist/build-ideal-tree.js:920:18)
257 verbose stack     at async Arborist.buildIdealTree (/home/ubuntu/.nvm/versions/node/v22.13.0/lib/node_modules/npm/node_modules/@npmcli/arborist/lib/arborist/build-ideal-tree.js:181:7)
257 verbose stack     at async Promise.all (index 1)
257 verbose stack     at async Arborist.reify (/home/ubuntu/.nvm/versions/node/v22.13.0/lib/node_modules/npm/node_modules/@npmcli/arborist/lib/arborist/reify.js:131:5)
257 verbose stack     at async Install.exec (/home/ubuntu/.nvm/versions/node/v22.13.0/lib/node_modules/npm/lib/commands/install.js:150:5)
258 error Cannot read properties of null (reading 'matches')
259 silly unfinished npm timer reify 1750296035695
260 silly unfinished npm timer reify:loadTrees 1750296035699
261 silly unfinished npm timer idealTree:buildDeps 1750296038729
262 silly unfinished npm timer idealTree:node_modules/.pnpm/date-fns@4.1.0/node_modules/date-fns 1750296039310
263 verbose cwd /home/ubuntu/rockdeals_frontend
264 verbose os Linux 6.1.102
265 verbose node v22.13.0
266 verbose npm  v10.9.2
267 verbose exit 1
268 verbose code 1
269 error A complete log of this run can be found in: /home/ubuntu/.npm/_logs/2025-06-19T01_20_35_076Z-debug-0.log
